2014/11/04 21:24:42 [error] [exception.CException] exception 'CException' with message 'Property "CWebApplication.bootstrap" is not defined.' in /home/tagarela/WorkSpace/callboard/framework/base/CComponent.php:130
Stack trace:
#0 /home/tagarela/WorkSpace/callboard/framework/base/CModule.php(105): CComponent->__get('bootstrap')
#1 /home/tagarela/WorkSpace/callboard/app/protected/views/layouts/main.php(19): CModule->__get('bootstrap')
#2 /home/tagarela/WorkSpace/callboard/framework/web/CBaseController.php(126): require('/home/tagarela/...')
#3 /home/tagarela/WorkSpace/callboard/framework/web/CBaseController.php(95): CBaseController->renderInternal('/home/tagarela/...', Array, true)
#4 /home/tagarela/WorkSpace/callboard/framework/web/widgets/CContentDecorator.php(76): CBaseController->renderFile('/home/tagarela/...', Array, true)
#5 /home/tagarela/WorkSpace/callboard/framework/web/widgets/CContentDecorator.php(54): CContentDecorator->decorate('<div id="conten...')
#6 /home/tagarela/WorkSpace/callboard/framework/web/widgets/COutputProcessor.php(44): CContentDecorator->processOutput('<div id="conten...')
#7 /home/tagarela/WorkSpace/callboard/framework/web/CBaseController.php(206): COutputProcessor->run()
#8 /home/tagarela/WorkSpace/callboard/framework/web/CBaseController.php(300): CBaseController->endWidget('CContentDecorat...')
#9 /home/tagarela/WorkSpace/callboard/app/protected/views/layouts/column1.php(6): CBaseController->endContent()
#10 /home/tagarela/WorkSpace/callboard/framework/web/CBaseController.php(126): require('/home/tagarela/...')
#11 /home/tagarela/WorkSpace/callboard/framework/web/CBaseController.php(95): CBaseController->renderInternal('/home/tagarela/...', Array, true)
#12 /home/tagarela/WorkSpace/callboard/framework/web/CController.php(784): CBaseController->renderFile('/home/tagarela/...', Array, true)
#13 /home/tagarela/WorkSpace/callboard/app/protected/controllers/SiteController.php(32): CController->render('index')
#14 /home/tagarela/WorkSpace/callboard/framework/web/actions/CInlineAction.php(49): SiteController->actionIndex()
#15 /home/tagarela/WorkSpace/callboard/framework/web/CController.php(308): CInlineAction->runWithParams(Array)
#16 /home/tagarela/WorkSpace/callboard/framework/web/CController.php(286): CController->runAction(Object(CInlineAction))
#17 /home/tagarela/WorkSpace/callboard/framework/web/CController.php(265): CController->runActionWithFilters(Object(CInlineAction), Array)
#18 /home/tagarela/WorkSpace/callboard/framework/web/CWebApplication.php(282): CController->run('index')
#19 /home/tagarela/WorkSpace/callboard/framework/web/CWebApplication.php(141): CWebApplication->runController('site/index')
#20 /home/tagarela/WorkSpace/callboard/framework/base/CApplication.php(180): CWebApplication->processRequest()
#21 /home/tagarela/WorkSpace/callboard/app/index.php(13): CApplication->run()
#22 {main}
REQUEST_URI=/callboard/app/index.php?r=site/index
HTTP_REFERER=http://localhost/callboard/app/index.php?r=site/page&view=about
---
2014/11/04 21:27:25 [error] [exception.CException] exception 'CException' with message 'Alias "bootstrap.components.TbApi" is invalid. Make sure it points to an existing directory or file.' in /home/tagarela/WorkSpace/callboard/framework/YiiBase.php:347
Stack trace:
#0 /home/tagarela/WorkSpace/callboard/framework/YiiBase.php(196): YiiBase::import('bootstrap.compo...', true)
#1 /home/tagarela/WorkSpace/callboard/framework/base/CModule.php(386): YiiBase::createComponent(Array)
#2 /home/tagarela/WorkSpace/callboard/framework/base/CModule.php(103): CModule->getComponent('bootstrap')
#3 /home/tagarela/WorkSpace/callboard/app/protected/views/layouts/main.php(19): CModule->__get('bootstrap')
#4 /home/tagarela/WorkSpace/callboard/framework/web/CBaseController.php(126): require('/home/tagarela/...')
#5 /home/tagarela/WorkSpace/callboard/framework/web/CBaseController.php(95): CBaseController->renderInternal('/home/tagarela/...', Array, true)
#6 /home/tagarela/WorkSpace/callboard/framework/web/widgets/CContentDecorator.php(76): CBaseController->renderFile('/home/tagarela/...', Array, true)
#7 /home/tagarela/WorkSpace/callboard/framework/web/widgets/CContentDecorator.php(54): CContentDecorator->decorate('<div id="conten...')
#8 /home/tagarela/WorkSpace/callboard/framework/web/widgets/COutputProcessor.php(44): CContentDecorator->processOutput('<div id="conten...')
#9 /home/tagarela/WorkSpace/callboard/framework/web/CBaseController.php(206): COutputProcessor->run()
#10 /home/tagarela/WorkSpace/callboard/framework/web/CBaseController.php(300): CBaseController->endWidget('CContentDecorat...')
#11 /home/tagarela/WorkSpace/callboard/app/protected/views/layouts/column1.php(6): CBaseController->endContent()
#12 /home/tagarela/WorkSpace/callboard/framework/web/CBaseController.php(126): require('/home/tagarela/...')
#13 /home/tagarela/WorkSpace/callboard/framework/web/CBaseController.php(95): CBaseController->renderInternal('/home/tagarela/...', Array, true)
#14 /home/tagarela/WorkSpace/callboard/framework/web/CController.php(784): CBaseController->renderFile('/home/tagarela/...', Array, true)
#15 /home/tagarela/WorkSpace/callboard/app/protected/controllers/SiteController.php(32): CController->render('index')
#16 /home/tagarela/WorkSpace/callboard/framework/web/actions/CInlineAction.php(49): SiteController->actionIndex()
#17 /home/tagarela/WorkSpace/callboard/framework/web/CController.php(308): CInlineAction->runWithParams(Array)
#18 /home/tagarela/WorkSpace/callboard/framework/web/CController.php(286): CController->runAction(Object(CInlineAction))
#19 /home/tagarela/WorkSpace/callboard/framework/web/CController.php(265): CController->runActionWithFilters(Object(CInlineAction), Array)
#20 /home/tagarela/WorkSpace/callboard/framework/web/CWebApplication.php(282): CController->run('index')
#21 /home/tagarela/WorkSpace/callboard/framework/web/CWebApplication.php(141): CWebApplication->runController('site/index')
#22 /home/tagarela/WorkSpace/callboard/framework/base/CApplication.php(180): CWebApplication->processRequest()
#23 /home/tagarela/WorkSpace/callboard/app/index.php(13): CApplication->run()
#24 {main}
REQUEST_URI=/callboard/app/index.php?r=site/index
HTTP_REFERER=http://localhost/callboard/app/index.php?r=site/page&view=about
---
2014/11/04 21:28:14 [error] [exception.CException] exception 'CException' with message 'Alias "application.extensions.bootstrap.components.TbApi" is invalid. Make sure it points to an existing PHP file and the file is readable.' in /home/tagarela/WorkSpace/callboard/framework/YiiBase.php:322
Stack trace:
#0 /home/tagarela/WorkSpace/callboard/framework/YiiBase.php(196): YiiBase::import('application.ext...', true)
#1 /home/tagarela/WorkSpace/callboard/framework/base/CModule.php(386): YiiBase::createComponent(Array)
#2 /home/tagarela/WorkSpace/callboard/framework/base/CModule.php(103): CModule->getComponent('bootstrap')
#3 /home/tagarela/WorkSpace/callboard/app/protected/views/layouts/main.php(19): CModule->__get('bootstrap')
#4 /home/tagarela/WorkSpace/callboard/framework/web/CBaseController.php(126): require('/home/tagarela/...')
#5 /home/tagarela/WorkSpace/callboard/framework/web/CBaseController.php(95): CBaseController->renderInternal('/home/tagarela/...', Array, true)
#6 /home/tagarela/WorkSpace/callboard/framework/web/widgets/CContentDecorator.php(76): CBaseController->renderFile('/home/tagarela/...', Array, true)
#7 /home/tagarela/WorkSpace/callboard/framework/web/widgets/CContentDecorator.php(54): CContentDecorator->decorate('<div id="conten...')
#8 /home/tagarela/WorkSpace/callboard/framework/web/widgets/COutputProcessor.php(44): CContentDecorator->processOutput('<div id="conten...')
#9 /home/tagarela/WorkSpace/callboard/framework/web/CBaseController.php(206): COutputProcessor->run()
#10 /home/tagarela/WorkSpace/callboard/framework/web/CBaseController.php(300): CBaseController->endWidget('CContentDecorat...')
#11 /home/tagarela/WorkSpace/callboard/app/protected/views/layouts/column1.php(6): CBaseController->endContent()
#12 /home/tagarela/WorkSpace/callboard/framework/web/CBaseController.php(126): require('/home/tagarela/...')
#13 /home/tagarela/WorkSpace/callboard/framework/web/CBaseController.php(95): CBaseController->renderInternal('/home/tagarela/...', Array, true)
#14 /home/tagarela/WorkSpace/callboard/framework/web/CController.php(784): CBaseController->renderFile('/home/tagarela/...', Array, true)
#15 /home/tagarela/WorkSpace/callboard/app/protected/controllers/SiteController.php(32): CController->render('index')
#16 /home/tagarela/WorkSpace/callboard/framework/web/actions/CInlineAction.php(49): SiteController->actionIndex()
#17 /home/tagarela/WorkSpace/callboard/framework/web/CController.php(308): CInlineAction->runWithParams(Array)
#18 /home/tagarela/WorkSpace/callboard/framework/web/CController.php(286): CController->runAction(Object(CInlineAction))
#19 /home/tagarela/WorkSpace/callboard/framework/web/CController.php(265): CController->runActionWithFilters(Object(CInlineAction), Array)
#20 /home/tagarela/WorkSpace/callboard/framework/web/CWebApplication.php(282): CController->run('index')
#21 /home/tagarela/WorkSpace/callboard/framework/web/CWebApplication.php(141): CWebApplication->runController('site/index')
#22 /home/tagarela/WorkSpace/callboard/framework/base/CApplication.php(180): CWebApplication->processRequest()
#23 /home/tagarela/WorkSpace/callboard/app/index.php(13): CApplication->run()
#24 {main}
REQUEST_URI=/callboard/app/index.php?r=site/index
HTTP_REFERER=http://localhost/callboard/app/index.php?r=site/page&view=about
---
2014/11/04 22:17:12 [error] [exception.CHttpException.404] exception 'CHttpException' with message 'The system is unable to find the requested action "registration".' in /home/tagarela/WorkSpace/callboard/framework/web/CController.php:483
Stack trace:
#0 /home/tagarela/WorkSpace/callboard/framework/web/CController.php(270): CController->missingAction('registration')
#1 /home/tagarela/WorkSpace/callboard/framework/web/CWebApplication.php(282): CController->run('registration')
#2 /home/tagarela/WorkSpace/callboard/framework/web/CWebApplication.php(141): CWebApplication->runController('site/registrati...')
#3 /home/tagarela/WorkSpace/callboard/framework/base/CApplication.php(180): CWebApplication->processRequest()
#4 /home/tagarela/WorkSpace/callboard/app/index.php(13): CApplication->run()
#5 {main}
REQUEST_URI=/callboard/app/index.php?r=site/registration
HTTP_REFERER=http://localhost/callboard/app/index.php
---
2014/11/04 22:32:36 [error] [exception.CException] exception 'CException' with message 'Property "RegistrationForm.confirm_password" is not defined.' in /home/tagarela/WorkSpace/callboard/framework/base/CComponent.php:130
Stack trace:
#0 /home/tagarela/WorkSpace/callboard/framework/web/helpers/CHtml.php(2529): CComponent->__get('confirm_passwor...')
#1 /home/tagarela/WorkSpace/callboard/framework/web/helpers/CHtml.php(2252): CHtml::resolveValue(Object(RegistrationForm), 'confirm_passwor...')
#2 /home/tagarela/WorkSpace/callboard/framework/web/helpers/CHtml.php(1434): CHtml::activeInputField('text', Object(RegistrationForm), 'confirm_passwor...', Array)
#3 /home/tagarela/WorkSpace/callboard/framework/web/widgets/CActiveForm.php(725): CHtml::activeTextField(Object(RegistrationForm), 'confirm_passwor...', Array)
#4 /home/tagarela/WorkSpace/callboard/app/protected/views/site/registration.php(23): CActiveForm->textField(Object(RegistrationForm), 'confirm_passwor...')
#5 /home/tagarela/WorkSpace/callboard/framework/web/CBaseController.php(126): require('/home/tagarela/...')
#6 /home/tagarela/WorkSpace/callboard/framework/web/CBaseController.php(95): CBaseController->renderInternal('/home/tagarela/...', Array, true)
#7 /home/tagarela/WorkSpace/callboard/framework/web/CController.php(869): CBaseController->renderFile('/home/tagarela/...', Array, true)
#8 /home/tagarela/WorkSpace/callboard/framework/web/CController.php(782): CController->renderPartial('registration', Array, true)
#9 /home/tagarela/WorkSpace/callboard/app/protected/controllers/SiteController.php(109): CController->render('registration', Array)
#10 /home/tagarela/WorkSpace/callboard/framework/web/actions/CInlineAction.php(49): SiteController->actionRegistration()
#11 /home/tagarela/WorkSpace/callboard/framework/web/CController.php(308): CInlineAction->runWithParams(Array)
#12 /home/tagarela/WorkSpace/callboard/framework/web/CController.php(286): CController->runAction(Object(CInlineAction))
#13 /home/tagarela/WorkSpace/callboard/framework/web/CController.php(265): CController->runActionWithFilters(Object(CInlineAction), Array)
#14 /home/tagarela/WorkSpace/callboard/framework/web/CWebApplication.php(282): CController->run('registration')
#15 /home/tagarela/WorkSpace/callboard/framework/web/CWebApplication.php(141): CWebApplication->runController('site/registrati...')
#16 /home/tagarela/WorkSpace/callboard/framework/base/CApplication.php(180): CWebApplication->processRequest()
#17 /home/tagarela/WorkSpace/callboard/app/index.php(13): CApplication->run()
#18 {main}
REQUEST_URI=/callboard/app/index.php?r=site/registration
HTTP_REFERER=http://localhost/callboard/app/index.php?r=site/login
---
2014/11/05 00:23:20 [error] [exception.CException] exception 'CException' with message 'Property "RegistrationForm.name" is not defined.' in /home/tagarela/WorkSpace/callboard/framework/base/CComponent.php:130
Stack trace:
#0 /home/tagarela/WorkSpace/callboard/app/protected/controllers/SiteController.php(115): CComponent->__get('name')
#1 /home/tagarela/WorkSpace/callboard/framework/web/actions/CInlineAction.php(49): SiteController->actionRegistration()
#2 /home/tagarela/WorkSpace/callboard/framework/web/CController.php(308): CInlineAction->runWithParams(Array)
#3 /home/tagarela/WorkSpace/callboard/framework/web/CController.php(286): CController->runAction(Object(CInlineAction))
#4 /home/tagarela/WorkSpace/callboard/framework/web/CController.php(265): CController->runActionWithFilters(Object(CInlineAction), Array)
#5 /home/tagarela/WorkSpace/callboard/framework/web/CWebApplication.php(282): CController->run('registration')
#6 /home/tagarela/WorkSpace/callboard/framework/web/CWebApplication.php(141): CWebApplication->runController('site/registrati...')
#7 /home/tagarela/WorkSpace/callboard/framework/base/CApplication.php(180): CWebApplication->processRequest()
#8 /home/tagarela/WorkSpace/callboard/app/index.php(13): CApplication->run()
#9 {main}
REQUEST_URI=/callboard/app/index.php?r=site/registration
HTTP_REFERER=http://localhost/callboard/app/index.php?r=site/registration
---
2014/11/05 00:30:07 [error] [exception.CException] exception 'CException' with message 'RegistrationForm and its behaviors do not have a method or closure named "getTableSchema".' in /home/tagarela/WorkSpace/callboard/framework/base/CComponent.php:266
Stack trace:
#0 /home/tagarela/WorkSpace/callboard/framework/validators/CUniqueValidator.php(96): CComponent->__call('getTableSchema', Array)
#1 /home/tagarela/WorkSpace/callboard/framework/validators/CUniqueValidator.php(96): RegistrationForm->getTableSchema()
#2 /home/tagarela/WorkSpace/callboard/framework/validators/CValidator.php(213): CUniqueValidator->validateAttribute(Object(RegistrationForm), 'email')
#3 /home/tagarela/WorkSpace/callboard/framework/base/CModel.php(159): CValidator->validate(Object(RegistrationForm), NULL)
#4 /home/tagarela/WorkSpace/callboard/app/protected/controllers/SiteController.php(112): CModel->validate()
#5 /home/tagarela/WorkSpace/callboard/framework/web/actions/CInlineAction.php(49): SiteController->actionRegistration()
#6 /home/tagarela/WorkSpace/callboard/framework/web/CController.php(308): CInlineAction->runWithParams(Array)
#7 /home/tagarela/WorkSpace/callboard/framework/web/CController.php(286): CController->runAction(Object(CInlineAction))
#8 /home/tagarela/WorkSpace/callboard/framework/web/CController.php(265): CController->runActionWithFilters(Object(CInlineAction), Array)
#9 /home/tagarela/WorkSpace/callboard/framework/web/CWebApplication.php(282): CController->run('registration')
#10 /home/tagarela/WorkSpace/callboard/framework/web/CWebApplication.php(141): CWebApplication->runController('site/registrati...')
#11 /home/tagarela/WorkSpace/callboard/framework/base/CApplication.php(180): CWebApplication->processRequest()
#12 /home/tagarela/WorkSpace/callboard/app/index.php(13): CApplication->run()
#13 {main}
REQUEST_URI=/callboard/app/index.php?r=site/registration
HTTP_REFERER=http://localhost/callboard/app/index.php?r=site/registration
---
2014/11/05 00:30:44 [error] [php] include(uniq.php): failed to open stream: No such file or directory (/home/tagarela/WorkSpace/callboard/framework/YiiBase.php:427)
Stack trace:
#0 /home/tagarela/WorkSpace/callboard/framework/validators/CValidator.php(186): import()
#1 /home/tagarela/WorkSpace/callboard/framework/base/CModel.php(287): createValidator()
#2 /home/tagarela/WorkSpace/callboard/framework/base/CModel.php(260): RegistrationForm->createValidators()
#3 /home/tagarela/WorkSpace/callboard/framework/base/CModel.php(547): RegistrationForm->getValidators()
#4 /home/tagarela/WorkSpace/callboard/framework/base/CModel.php(468): RegistrationForm->getSafeAttributeNames()
#5 /home/tagarela/WorkSpace/callboard/framework/base/CComponent.php(152): RegistrationForm->setAttributes()
#6 /home/tagarela/WorkSpace/callboard/app/protected/controllers/SiteController.php(111): RegistrationForm->__set()
#7 /home/tagarela/WorkSpace/callboard/framework/web/actions/CInlineAction.php(49): SiteController->actionRegistration()
#8 /home/tagarela/WorkSpace/callboard/framework/web/CController.php(308): CInlineAction->runWithParams()
#9 /home/tagarela/WorkSpace/callboard/framework/web/CController.php(286): SiteController->runAction()
#10 /home/tagarela/WorkSpace/callboard/framework/web/CController.php(265): SiteController->runActionWithFilters()
#11 /home/tagarela/WorkSpace/callboard/framework/web/CWebApplication.php(282): SiteController->run()
#12 /home/tagarela/WorkSpace/callboard/framework/web/CWebApplication.php(141): CWebApplication->runController()
#13 /home/tagarela/WorkSpace/callboard/framework/base/CApplication.php(180): CWebApplication->processRequest()
#14 /home/tagarela/WorkSpace/callboard/app/index.php(13): CWebApplication->run()
REQUEST_URI=/callboard/app/index.php?r=site/registration
in /home/tagarela/WorkSpace/callboard/app/protected/controllers/SiteController.php (111)
in /home/tagarela/WorkSpace/callboard/app/index.php (13)
2014/11/05 00:30:57 [error] [exception.CException] exception 'CException' with message 'RegistrationForm and its behaviors do not have a method or closure named "getTableSchema".' in /home/tagarela/WorkSpace/callboard/framework/base/CComponent.php:266
Stack trace:
#0 /home/tagarela/WorkSpace/callboard/framework/validators/CUniqueValidator.php(96): CComponent->__call('getTableSchema', Array)
#1 /home/tagarela/WorkSpace/callboard/framework/validators/CUniqueValidator.php(96): RegistrationForm->getTableSchema()
#2 /home/tagarela/WorkSpace/callboard/framework/validators/CValidator.php(213): CUniqueValidator->validateAttribute(Object(RegistrationForm), 'email')
#3 /home/tagarela/WorkSpace/callboard/framework/base/CModel.php(159): CValidator->validate(Object(RegistrationForm), NULL)
#4 /home/tagarela/WorkSpace/callboard/app/protected/controllers/SiteController.php(112): CModel->validate()
#5 /home/tagarela/WorkSpace/callboard/framework/web/actions/CInlineAction.php(49): SiteController->actionRegistration()
#6 /home/tagarela/WorkSpace/callboard/framework/web/CController.php(308): CInlineAction->runWithParams(Array)
#7 /home/tagarela/WorkSpace/callboard/framework/web/CController.php(286): CController->runAction(Object(CInlineAction))
#8 /home/tagarela/WorkSpace/callboard/framework/web/CController.php(265): CController->runActionWithFilters(Object(CInlineAction), Array)
#9 /home/tagarela/WorkSpace/callboard/framework/web/CWebApplication.php(282): CController->run('registration')
#10 /home/tagarela/WorkSpace/callboard/framework/web/CWebApplication.php(141): CWebApplication->runController('site/registrati...')
#11 /home/tagarela/WorkSpace/callboard/framework/base/CApplication.php(180): CWebApplication->processRequest()
#12 /home/tagarela/WorkSpace/callboard/app/index.php(13): CApplication->run()
#13 {main}
REQUEST_URI=/callboard/app/index.php?r=site/registration
HTTP_REFERER=http://localhost/callboard/app/index.php?r=site/registration
---
2014/11/05 00:31:35 [error] [exception.CException] exception 'CException' with message 'RegistrationForm and its behaviors do not have a method or closure named "getTableSchema".' in /home/tagarela/WorkSpace/callboard/framework/base/CComponent.php:266
Stack trace:
#0 /home/tagarela/WorkSpace/callboard/framework/validators/CUniqueValidator.php(96): CComponent->__call('getTableSchema', Array)
#1 /home/tagarela/WorkSpace/callboard/framework/validators/CUniqueValidator.php(96): RegistrationForm->getTableSchema()
#2 /home/tagarela/WorkSpace/callboard/framework/validators/CValidator.php(213): CUniqueValidator->validateAttribute(Object(RegistrationForm), 'email')
#3 /home/tagarela/WorkSpace/callboard/framework/base/CModel.php(159): CValidator->validate(Object(RegistrationForm), NULL)
#4 /home/tagarela/WorkSpace/callboard/app/protected/controllers/SiteController.php(112): CModel->validate()
#5 /home/tagarela/WorkSpace/callboard/framework/web/actions/CInlineAction.php(49): SiteController->actionRegistration()
#6 /home/tagarela/WorkSpace/callboard/framework/web/CController.php(308): CInlineAction->runWithParams(Array)
#7 /home/tagarela/WorkSpace/callboard/framework/web/CController.php(286): CController->runAction(Object(CInlineAction))
#8 /home/tagarela/WorkSpace/callboard/framework/web/CController.php(265): CController->runActionWithFilters(Object(CInlineAction), Array)
#9 /home/tagarela/WorkSpace/callboard/framework/web/CWebApplication.php(282): CController->run('registration')
#10 /home/tagarela/WorkSpace/callboard/framework/web/CWebApplication.php(141): CWebApplication->runController('site/registrati...')
#11 /home/tagarela/WorkSpace/callboard/framework/base/CApplication.php(180): CWebApplication->processRequest()
#12 /home/tagarela/WorkSpace/callboard/app/index.php(13): CApplication->run()
#13 {main}
REQUEST_URI=/callboard/app/index.php?r=site/registration
HTTP_REFERER=http://localhost/callboard/app/index.php?r=site/registration
---
